<?xml version='1.0' encoding='UTF-8'?>
<testsuite hostname="C02TM0PMG8WL" name="ServiceSpec" tests="32" errors="0" failures="0" skipped="0" time="0.58" timestamp="2019-01-04T19:37:46">
                     <properties>
[...]
</properties>
                     <testcase classname="ServiceSpec" name="Bacon distance=1" time="0.287">
                                                 
                                               </testcase><testcase classname="ServiceSpec" name="No such name" time="0.074">
                                                 
                                               </testcase><testcase classname="ServiceSpec" name=" casted in 3 movie with genres, but not typecasted" time="0.004">
                                                 
                                               </testcase><testcase classname="ServiceSpec" name="Case doesn't matter" time="0.003">
                                                 
                                               </testcase><testcase classname="ServiceSpec" name=" typecasted in 1 movie 2 genres" time="0.002">
                                                 
                                               </testcase><testcase classname="ServiceSpec" name="Typecasted in 2 genre/2 movies" time="0.003">
                                                 
                                               </testcase><testcase classname="ServiceSpec" name="Casted in 3 movies, but only 1 with genre" time="0.003">
                                                 
                                               </testcase><testcase classname="ServiceSpec" name="No movie for this actor" time="0.002">
                                                 
                                               </testcase><testcase classname="ServiceSpec" name="Casted in undefined movie" time="0.002">
                                                 
                                               </testcase><testcase classname="ServiceSpec" name="Movie with actors and genres by prime title" time="0.007">
                                                 
                                               </testcase><testcase classname="ServiceSpec" name="Movie without actors and genres by original title" time="0.004">
                                                 
                                               </testcase><testcase classname="ServiceSpec" name="Case doesn't matter: Latin" time="0.003">
                                                 
                                               </testcase><testcase classname="ServiceSpec" name="Case doesn't matter: non Latin" time="0.002">
                                                 
                                               </testcase><testcase classname="ServiceSpec" name="No such movie" time="0.002">
                                                 
                                               </testcase><testcase classname="ServiceSpec" name="2 movies by primary title" time="0.006">
                                                 
                                               </testcase><testcase classname="ServiceSpec" name="2 movies by original title" time="0.003">
                                                 
                                               </testcase><testcase classname="ServiceSpec" name="2 movies by prime and original title" time="0.003">
                                                 
                                               </testcase><testcase classname="ServiceSpec" name="Movie with undef actor" time="0.002">
                                                 
                                               </testcase><testcase classname="ServiceSpec" name="One name" time="0.028">
                                                 
                                               </testcase><testcase classname="ServiceSpec" name="2 names with intersection" time="0.003">
                                                 
                                               </testcase><testcase classname="ServiceSpec" name="2 names without intersection" time="0.002">
                                                 
                                               </testcase><testcase classname="ServiceSpec" name="3 names with intersection (1 and 2 were in the 2nd movie, but without 3)" time="0.003">
                                                 
                                               </testcase><testcase classname="ServiceSpec" name="1 of the names is unknown" time="0.002">
                                                 
                                               </testcase><testcase classname="ServiceSpec" name="qnt &gt; answer size, off=0" time="0.019">
                                                 
                                               </testcase><testcase classname="ServiceSpec" name="qnt = answer size, off=0" time="0.003">
                                                 
                                               </testcase><testcase classname="ServiceSpec" name="qnt &lt; answer size, off=0" time="0.003">
                                                 
                                               </testcase><testcase classname="ServiceSpec" name="qnt &lt; answer size, off=1" time="0.003">
                                                 
                                               </testcase><testcase classname="ServiceSpec" name="off=answer size" time="0.002">
                                                 
                                               </testcase><testcase classname="ServiceSpec" name="Genre case doesn't matter" time="0.003">
                                                 
                                               </testcase><testcase classname="ServiceSpec" name="Wrong genre" time="0.081">
                                                 
                                               </testcase><testcase classname="ServiceSpec" name="Wrong qnt" time="0.013">
                                                 
                                               </testcase><testcase classname="ServiceSpec" name="Wrong off" time="0.003">
                                                 
                                               </testcase>
                     <system-out><![CDATA[]]></system-out>
                     <system-err><![CDATA[]]></system-err>
                   </testsuite>